<?xml version="1.0" encoding="UTF-8"?>
<!-- Generated by org.testng.reporters.JUnitReportReporter -->
<testsuite hostname="GOWTHAMVASUDEVAN" failures="0" tests="1" name="org.test.Demoblaze" time="26.102" errors="0" timestamp="08 Jan 2021 20:53:58 GMT" skipped="0">
  <testcase classname="org.test.Demoblaze" name="tc" time="26.102"/>
</testsuite> <!-- org.test.Demoblaze -->
